<?xml version="1.0" encoding="UTF-8"?>
<beans xmlns="http://www.springframework.org/schema/beans"
       xmlns:xsi="http://www.w3.org/2001/XMLSchema-instance"
       xsi:schemaLocation="http://www.springframework.org/schema/beans http://www.springframework.org/schema/beans/spring-beans.xsd">

    <!--<bean id="testPointCut" class="aop.TestPointCut"/>-->
    <!--<bean id="testAfterAdvice" class="aop.TestAfterAdvice"/>-->

    <bean id="testAdvisor" class="aop.TestAdvisor"/>

    <bean id="testTarget" class="aop.TestTarget"/>

    <bean id="testAop" class="org.springframework.aop.framework.ProxyFactoryBean">
        <property name="targetName" value="testTarget"/>
        <property name="interceptorNames">
            <list>
                <value>testAdvisor</value>
            </list>
        </property>
    </bean>
</beans>